# JRE version: OpenJDK Runtime Environment (8.0_112-b06) (build 1.8.0_112-release-b06)
# Java VM: OpenJDK 64-Bit Server VM (25.112-b06 mixed mode linux-amd64 compressed oops)
Heap:
 PSYoungGen      total 431616K, used 0K [0x00000000e0000000, 0x0000000100000000, 0x0000000100000000)
  eden space 400384K, 0% used [0x00000000e0000000,0x00000000e0000000,0x00000000f8700000)
  from space 31232K, 0% used [0x00000000fc580000,0x00000000fc580000,0x00000000fe400000)
  to   space 61952K, 0% used [0x00000000f8700000,0x00000000f8700000,0x00000000fc380000)
 ParOldGen       total 146432K, used 112383K [0x00000000a0000000, 0x00000000a8f00000, 0x00000000e0000000)
  object space 146432K, 76% used [0x00000000a0000000,0x00000000a6dbfda8,0x00000000a8f00000)
 Metaspace       used 76185K, capacity 80322K, committed 82816K, reserved 1122304K
  class space    used 9544K, capacity 10109K, committed 10624K, reserved 1048576K
GC Heap History (10 events):
Event: 5612.490 GC heap after
Heap after GC invocations=23 (full 3):
 PSYoungGen      total 492032K, used 20863K [0x00000000e0000000, 0x0000000100000000, 0x0000000100000000)
  eden space 464384K, 0% used [0x00000000e0000000,0x00000000e0000000,0x00000000fc580000)
  from space 27648K, 75% used [0x00000000fe180000,0x00000000ff5dfe48,0x00000000ffc80000)
  to   space 28672K, 0% used [0x00000000fc580000,0x00000000fc580000,0x00000000fe180000)
 ParOldGen       total 146432K, used 58735K [0x00000000a0000000, 0x00000000a8f00000, 0x00000000e0000000)
  object space 146432K, 40% used [0x00000000a0000000,0x00000000a395bec8,0x00000000a8f00000)
 Metaspace       used 76487K, capacity 81098K, committed 81280K, reserved 1120256K
  class space    used 9791K, capacity 10528K, committed 10624K, reserved 1048576K
}
Event: 12091.575 GC heap before
{Heap before GC invocations=24 (full 3):
 PSYoungGen      total 492032K, used 485247K [0x00000000e0000000, 0x0000000100000000, 0x0000000100000000)
  eden space 464384K, 100% used [0x00000000e0000000,0x00000000fc580000,0x00000000fc580000)
  from space 27648K, 75% used [0x00000000fe180000,0x00000000ff5dfe48,0x00000000ffc80000)
  to   space 28672K, 0% used [0x00000000fc580000,0x00000000fc580000,0x00000000fe180000)
 ParOldGen       total 146432K, used 58735K [0x00000000a0000000, 0x00000000a8f00000, 0x00000000e0000000)
  object space 146432K, 40% used [0x00000000a0000000,0x00000000a395bec8,0x00000000a8f00000)
 Metaspace       used 77032K, capacity 81960K, committed 82048K, reserved 1120256K
  class space    used 9844K, capacity 10584K, committed 10624K, reserved 1048576K
Event: 12091.627 GC heap after
Heap after GC invocations=24 (full 3):
 PSYoungGen      total 474112K, used 28659K [0x00000000e0000000, 0x00000000ff500000, 0x0000000100000000)
  eden space 445440K, 0% used [0x00000000e0000000,0x00000000e0000000,0x00000000fb300000)
  from space 28672K, 99% used [0x00000000fc580000,0x00000000fe17ccf8,0x00000000fe180000)
  to   space 19968K, 0% used [0x00000000fe180000,0x00000000fe180000,0x00000000ff500000)
 ParOldGen       total 146432K, used 63541K [0x00000000a0000000, 0x00000000a8f00000, 0x00000000e0000000)
  object space 146432K, 43% used [0x00000000a0000000,0x00000000a3e0d6a0,0x00000000a8f00000)
 Metaspace       used 77032K, capacity 81960K, committed 82048K, reserved 1120256K
  class space    used 9844K, capacity 10584K, committed 10624K, reserved 1048576K
}
Event: 12242.706 GC heap before
{Heap before GC invocations=25 (full 3):
 PSYoungGen      total 474112K, used 473719K [0x00000000e0000000, 0x00000000ff500000, 0x0000000100000000)
  eden space 445440K, 99% used [0x00000000e0000000,0x00000000fb2a11c0,0x00000000fb300000)
  from space 28672K, 99% used [0x00000000fc580000,0x00000000fe17ccf8,0x00000000fe180000)
  to   space 19968K, 0% used [0x00000000fe180000,0x00000000fe180000,0x00000000ff500000)
 ParOldGen       total 146432K, used 63541K [0x00000000a0000000, 0x00000000a8f00000, 0x00000000e0000000)
  object space 146432K, 43% used [0x00000000a0000000,0x00000000a3e0d6a0,0x00000000a8f00000)
 Metaspace       used 77309K, capacity 82332K, committed 82560K, reserved 1122304K
  class space    used 9861K, capacity 10606K, committed 10624K, reserved 1048576K
Event: 12242.817 GC heap after
Heap after GC invocations=25 (full 3):
 PSYoungGen      total 446976K, used 19966K [0x00000000e0000000, 0x00000000ff500000, 0x0000000100000000)
  eden space 427008K, 0% used [0x00000000e0000000,0x00000000e0000000,0x00000000fa100000)
  from space 19968K, 99% used [0x00000000fe180000,0x00000000ff4ffa08,0x00000000ff500000)
  to   space 40448K, 0% used [0x00000000fa600000,0x00000000fa600000,0x00000000fcd80000)
 ParOldGen       total 146432K, used 82348K [0x00000000a0000000, 0x00000000a8f00000, 0x00000000e0000000)
  object space 146432K, 56% used [0x00000000a0000000,0x00000000a506b2d0,0x00000000a8f00000)
 Metaspace       used 77309K, capacity 82332K, committed 82560K, reserved 1122304K
  class space    used 9861K, capacity 10606K, committed 10624K, reserved 1048576K
}
Event: 12255.817 GC heap before
{Heap before GC invocations=26 (full 3):
 PSYoungGen      total 446976K, used 446974K [0x00000000e0000000, 0x00000000ff500000, 0x0000000100000000)
  eden space 427008K, 100% used [0x00000000e0000000,0x00000000fa100000,0x00000000fa100000)
  from space 19968K, 99% used [0x00000000fe180000,0x00000000ff4ffa08,0x00000000ff500000)
  to   space 40448K, 0% used [0x00000000fa600000,0x00000000fa600000,0x00000000fcd80000)
 ParOldGen       total 146432K, used 82348K [0x00000000a0000000, 0x00000000a8f00000, 0x00000000e0000000)
  object space 146432K, 56% used [0x00000000a0000000,0x00000000a506b2d0,0x00000000a8f00000)
 Metaspace       used 77516K, capacity 82560K, committed 82816K, reserved 1122304K
  class space    used 9869K, capacity 10612K, committed 10624K, reserved 1048576K
Event: 12255.939 GC heap after
Heap after GC invocations=26 (full 3):
 PSYoungGen      total 441856K, used 31873K [0x00000000e0000000, 0x00000000fe400000, 0x0000000100000000)
  eden space 409600K, 0% used [0x00000000e0000000,0x00000000e0000000,0x00000000f9000000)
  from space 32256K, 98% used [0x00000000fa600000,0x00000000fc5206a8,0x00000000fc580000)
  to   space 31232K, 0% used [0x00000000fc580000,0x00000000fc580000,0x00000000fe400000)
 ParOldGen       total 146432K, used 84403K [0x00000000a0000000, 0x00000000a8f00000, 0x00000000e0000000)
  object space 146432K, 57% used [0x00000000a0000000,0x00000000a526ccc0,0x00000000a8f00000)
 Metaspace       used 77516K, capacity 82560K, committed 82816K, reserved 1122304K
  class space    used 9869K, capacity 10612K, committed 10624K, reserved 1048576K
}
Event: 12256.682 GC heap before
{Heap before GC invocations=27 (full 3):
 PSYoungGen      total 441856K, used 441473K [0x00000000e0000000, 0x00000000fe400000, 0x0000000100000000)
  eden space 409600K, 100% used [0x00000000e0000000,0x00000000f9000000,0x00000000f9000000)
  from space 32256K, 98% used [0x00000000fa600000,0x00000000fc5206a8,0x00000000fc580000)
  to   space 31232K, 0% used [0x00000000fc580000,0x00000000fc580000,0x00000000fe400000)
 ParOldGen       total 146432K, used 84403K [0x00000000a0000000, 0x00000000a8f00000, 0x00000000e0000000)
  object space 146432K, 57% used [0x00000000a0000000,0x00000000a526ccc0,0x00000000a8f00000)
 Metaspace       used 77623K, capacity 82624K, committed 82816K, reserved 1122304K
  class space    used 9869K, capacity 10612K, committed 10624K, reserved 1048576K
Event: 12260.260 GC heap after
Heap after GC invocations=27 (full 3):
 PSYoungGen      total 431616K, used 31229K [0x00000000e0000000, 0x0000000100000000, 0x0000000100000000)
  eden space 400384K, 0% used [0x00000000e0000000,0x00000000e0000000,0x00000000f8700000)
  from space 31232K, 99% used [0x00000000fc580000,0x00000000fe3ff5f0,0x00000000fe400000)
  to   space 61952K, 0% used [0x00000000f8700000,0x00000000f8700000,0x00000000fc380000)
 ParOldGen       total 146432K, used 131261K [0x00000000a0000000, 0x00000000a8f00000, 0x00000000e0000000)
  object space 146432K, 89% used [0x00000000a0000000,0x00000000a802f450,0x00000000a8f00000)
 Metaspace       used 77623K, capacity 82624K, committed 82816K, reserved 1122304K
  class space    used 9869K, capacity 10612K, committed 10624K, reserved 1048576K
}
Event: 12260.509 GC heap before
{Heap before GC invocations=28 (full 4):
 PSYoungGen      total 431616K, used 31229K [0x00000000e0000000, 0x0000000100000000, 0x0000000100000000)
  eden space 400384K, 0% used [0x00000000e0000000,0x00000000e0000000,0x00000000f8700000)
  from space 31232K, 99% used [0x00000000fc580000,0x00000000fe3ff5f0,0x00000000fe400000)
  to   space 61952K, 0% used [0x00000000f8700000,0x00000000f8700000,0x00000000fc380000)
 ParOldGen       total 146432K, used 131261K [0x00000000a0000000, 0x00000000a8f00000, 0x00000000e0000000)
  object space 146432K, 89% used [0x00000000a0000000,0x00000000a802f450,0x00000000a8f00000)
 Metaspace       used 77623K, capacity 82624K, committed 82816K, reserved 1122304K
  class space    used 9869K, capacity 10612K, committed 10624K, reserved 1048576K

